19:50:45, 376 __main__ INFO Namespace(batch_size=48, dataset_script='wiki-table-questions.py', do_eval=True, do_predict=True, do_train=True, eval_steps=10, gpu=False, logging_first_step='True', logging_steps=5, max_seq_length=20, max_steps=50, max_test_samples=200, max_train_samples=None, max_val_samples=200, mle_epochs=3, model_name_or_path='textgan', output_dir='results/cgan-exp-50', rnn_bidirectional=False, rnn_classes=1, rnn_dims=256, rnn_dropout_rate=0.1, rnn_embedding_dims=256, rnn_layers=1, tf_dims=512, tf_dropout_rate=0.1, tf_embedding_dims=256, tf_heads=8, tf_layers=2, tf_learning_rate=0.01, tf_shared_emb_layer=False, train_discriminator_epochs=1, vocab='data/wikiTable/word.vocab')
19:50:45, 377 __main__ INFO Saving hyperparameters to: results/cgan-exp-50/hyparams.txt
19:50:45, 386 datasets.builder WARNING Reusing dataset wiki_table_questions (/home/CE/pinjie/.cache/huggingface/datasets/wiki_table_questions/WikiTableQuestions/0.0.0/6a4116117d81a3d888218d55619bdb3ba81a1942ee880bf11b7f64a30e2f8e1a)
19:50:45, 399 __main__ INFO Loading Datasets
19:50:45, 409 root INFO PAD_IDX: 600
19:50:48, 207 root INFO TransformerEncoder(
  (enc_layers): ModuleList(
    (0): TransformerEncLayer(
      (mha): MultiHeadAttention(
        (w_q): Linear(in_features=512, out_features=512, bias=True)
        (w_k): Linear(in_features=512, out_features=512, bias=True)
        (w_v): Linear(in_features=512, out_features=512, bias=True)
      )
      (ffn): FeedForwardBlock(
        (dense1): Linear(in_features=512, out_features=2048, bias=True)
        (relu): ReLU()
        (dense2): Linear(in_features=2048, out_features=512, bias=True)
      )
      (layernorm1): LayerNorm((512,), eps=1e-06, elementwise_affine=True)
      (layernorm2): LayerNorm((512,), eps=1e-06, elementwise_affine=True)
      (dropout1): Dropout(p=0.1, inplace=False)
      (dropout2): Dropout(p=0.1, inplace=False)
    )
    (1): TransformerEncLayer(
      (mha): MultiHeadAttention(
        (w_q): Linear(in_features=512, out_features=512, bias=True)
        (w_k): Linear(in_features=512, out_features=512, bias=True)
        (w_v): Linear(in_features=512, out_features=512, bias=True)
      )
      (ffn): FeedForwardBlock(
        (dense1): Linear(in_features=512, out_features=2048, bias=True)
        (relu): ReLU()
        (dense2): Linear(in_features=2048, out_features=512, bias=True)
      )
      (layernorm1): LayerNorm((512,), eps=1e-06, elementwise_affine=True)
      (layernorm2): LayerNorm((512,), eps=1e-06, elementwise_affine=True)
      (dropout1): Dropout(p=0.1, inplace=False)
      (dropout2): Dropout(p=0.1, inplace=False)
    )
  )
  (dropout): Dropout(p=0.1, inplace=False)
)
19:50:48, 282 root INFO CustomLSTM(
  (embedding): Embedding(11471, 300)
  (lstm): LSTM(300, 128, batch_first=True, bidirectional=True)
  (drop): Dropout(p=0.5, inplace=False)
  (fc): Linear(in_features=256, out_features=1, bias=True)
)
19:51:00, 895 root INFO Model: generator, Step: 50, Loss: 7.74
19:51:13, 575 root INFO Model: generator, Step: 100, Loss: 6.13
19:51:26, 95 root INFO Model: generator, Step: 150, Loss: 5.23
19:51:38, 703 root INFO Model: generator, Step: 200, Loss: 4.74
19:52:02, 826 root INFO Model: generator, Step: 50, Loss: 4.29
19:52:15, 598 root INFO Model: generator, Step: 100, Loss: 4.09
19:52:28, 306 root INFO Model: generator, Step: 150, Loss: 4.13
19:52:40, 733 root INFO Model: generator, Step: 200, Loss: 3.96
19:53:04, 579 root INFO Model: generator, Step: 50, Loss: 3.82
19:53:16, 902 root INFO Model: generator, Step: 100, Loss: 3.75
19:53:29, 140 root INFO Model: generator, Step: 150, Loss: 3.47
19:53:41, 382 root INFO Model: generator, Step: 200, Loss: 3.84
19:53:53, 164 root INFO Step: 1, Classifcation Loss: 32.95, Classification Acc: 25.00
19:53:53, 164 root INFO Step: 1, Matching Loss: 33.82, Matching Acc: 24.00
19:53:53, 723 root INFO Step: 2, Classifcation Loss: 25.64, Classification Acc: 36.00
19:53:53, 723 root INFO Step: 2, Matching Loss: 25.98, Matching Acc: 37.00
19:53:54, 231 root INFO Step: 3, Classifcation Loss: 21.90, Classification Acc: 40.00
19:53:54, 231 root INFO Step: 3, Matching Loss: 20.31, Matching Acc: 41.00
19:53:54, 750 root INFO Step: 4, Classifcation Loss: 18.60, Classification Acc: 42.00
19:53:54, 750 root INFO Step: 4, Matching Loss: 21.72, Matching Acc: 39.00
19:53:55, 286 root INFO Step: 5, Classifcation Loss: 12.56, Classification Acc: 45.00
19:53:55, 287 root INFO Step: 5, Matching Loss: 18.94, Matching Acc: 40.00
19:53:55, 819 root INFO Step: 6, Classifcation Loss: 17.67, Classification Acc: 43.00
19:53:55, 819 root INFO Step: 6, Matching Loss: 22.19, Matching Acc: 37.00
19:53:56, 262 root INFO Step: 7, Classifcation Loss: 22.14, Classification Acc: 40.00
19:53:56, 262 root INFO Step: 7, Matching Loss: 21.04, Matching Acc: 38.00
19:53:56, 735 root INFO Step: 8, Classifcation Loss: 13.56, Classification Acc: 42.00
19:53:56, 735 root INFO Step: 8, Matching Loss: 22.93, Matching Acc: 36.00
19:53:57, 231 root INFO Step: 9, Classifcation Loss: 16.67, Classification Acc: 41.00
19:53:57, 232 root INFO Step: 9, Matching Loss: 14.22, Matching Acc: 41.00
19:53:57, 787 root INFO Step: 10, Classifcation Loss: 21.60, Classification Acc: 37.00
19:53:57, 787 root INFO Step: 10, Matching Loss: 13.32, Matching Acc: 41.00
19:53:58, 324 root INFO Step: 11, Classifcation Loss: 19.61, Classification Acc: 38.00
19:53:58, 324 root INFO Step: 11, Matching Loss: 9.08, Matching Acc: 46.00
19:53:58, 843 root INFO Step: 12, Classifcation Loss: 12.68, Classification Acc: 43.00
19:53:58, 843 root INFO Step: 12, Matching Loss: 9.18, Matching Acc: 48.00
19:53:59, 324 root INFO Step: 13, Classifcation Loss: 12.38, Classification Acc: 42.00
19:53:59, 324 root INFO Step: 13, Matching Loss: 13.57, Matching Acc: 44.00
19:53:59, 851 root INFO Step: 14, Classifcation Loss: 17.34, Classification Acc: 39.00
19:53:59, 851 root INFO Step: 14, Matching Loss: 5.84, Matching Acc: 47.00
19:54:00, 368 root INFO Step: 15, Classifcation Loss: 11.46, Classification Acc: 43.00
19:54:00, 368 root INFO Step: 15, Matching Loss: 7.37, Matching Acc: 46.00
19:54:00, 881 root INFO Step: 16, Classifcation Loss: 7.27, Classification Acc: 46.00
19:54:00, 882 root INFO Step: 16, Matching Loss: 7.05, Matching Acc: 46.00
19:54:01, 399 root INFO Step: 17, Classifcation Loss: 7.84, Classification Acc: 46.00
19:54:01, 399 root INFO Step: 17, Matching Loss: 6.43, Matching Acc: 47.00
19:54:01, 844 root INFO Step: 18, Classifcation Loss: 11.69, Classification Acc: 43.00
19:54:01, 845 root INFO Step: 18, Matching Loss: 2.69, Matching Acc: 48.00
19:54:02, 355 root INFO Step: 19, Classifcation Loss: 12.60, Classification Acc: 44.00
19:54:02, 355 root INFO Step: 19, Matching Loss: 2.60, Matching Acc: 48.00
19:54:02, 836 root INFO Step: 20, Classifcation Loss: 9.79, Classification Acc: 46.00
19:54:02, 836 root INFO Step: 20, Matching Loss: 9.51, Matching Acc: 47.00
19:54:03, 312 root INFO Step: 21, Classifcation Loss: 13.45, Classification Acc: 43.00
19:54:03, 312 root INFO Step: 21, Matching Loss: 9.87, Matching Acc: 44.00
19:54:03, 783 root INFO Step: 22, Classifcation Loss: 10.42, Classification Acc: 47.00
19:54:03, 783 root INFO Step: 22, Matching Loss: 1.42, Matching Acc: 48.00
19:54:04, 335 root INFO Step: 23, Classifcation Loss: 7.00, Classification Acc: 46.00
19:54:04, 335 root INFO Step: 23, Matching Loss: 11.70, Matching Acc: 44.00
19:54:04, 822 root INFO Step: 24, Classifcation Loss: 7.95, Classification Acc: 45.00
19:54:04, 823 root INFO Step: 24, Matching Loss: 1.62, Matching Acc: 48.00
19:54:05, 297 root INFO Step: 25, Classifcation Loss: 4.99, Classification Acc: 46.00
19:54:05, 297 root INFO Step: 25, Matching Loss: 2.63, Matching Acc: 48.00
19:54:05, 811 root INFO Step: 26, Classifcation Loss: 12.55, Classification Acc: 45.00
19:54:05, 811 root INFO Step: 26, Matching Loss: 1.81, Matching Acc: 48.00
19:54:06, 250 root INFO Step: 27, Classifcation Loss: 11.70, Classification Acc: 43.00
19:54:06, 250 root INFO Step: 27, Matching Loss: 3.90, Matching Acc: 47.00
19:54:06, 756 root INFO Step: 28, Classifcation Loss: 5.67, Classification Acc: 46.00
19:54:06, 756 root INFO Step: 28, Matching Loss: 1.97, Matching Acc: 48.00
19:54:07, 214 root INFO Step: 29, Classifcation Loss: 14.59, Classification Acc: 44.00
19:54:07, 215 root INFO Step: 29, Matching Loss: 5.62, Matching Acc: 46.00
19:54:07, 660 root INFO Step: 30, Classifcation Loss: 5.55, Classification Acc: 48.00
19:54:07, 660 root INFO Step: 30, Matching Loss: 3.13, Matching Acc: 47.00
19:54:08, 172 root INFO Step: 31, Classifcation Loss: 7.20, Classification Acc: 46.00
19:54:08, 172 root INFO Step: 31, Matching Loss: 4.42, Matching Acc: 45.00
19:54:08, 685 root INFO Step: 32, Classifcation Loss: 11.65, Classification Acc: 45.00
19:54:08, 685 root INFO Step: 32, Matching Loss: 1.48, Matching Acc: 48.00
19:54:09, 187 root INFO Step: 33, Classifcation Loss: 8.65, Classification Acc: 45.00
19:54:09, 187 root INFO Step: 33, Matching Loss: 0.65, Matching Acc: 48.00
19:54:09, 683 root INFO Step: 34, Classifcation Loss: 14.55, Classification Acc: 43.00
19:54:09, 684 root INFO Step: 34, Matching Loss: 1.27, Matching Acc: 48.00
19:54:10, 181 root INFO Step: 35, Classifcation Loss: 5.08, Classification Acc: 47.00
19:54:10, 181 root INFO Step: 35, Matching Loss: 6.04, Matching Acc: 46.00
19:54:10, 719 root INFO Step: 36, Classifcation Loss: 8.47, Classification Acc: 46.00
19:54:10, 719 root INFO Step: 36, Matching Loss: 2.35, Matching Acc: 47.00
19:54:11, 190 root INFO Step: 37, Classifcation Loss: 6.48, Classification Acc: 46.00
19:54:11, 190 root INFO Step: 37, Matching Loss: 1.05, Matching Acc: 48.00
19:54:11, 671 root INFO Step: 38, Classifcation Loss: 10.00, Classification Acc: 46.00
19:54:11, 671 root INFO Step: 38, Matching Loss: 2.93, Matching Acc: 47.00
19:54:12, 138 root INFO Step: 39, Classifcation Loss: 5.95, Classification Acc: 47.00
19:54:12, 139 root INFO Step: 39, Matching Loss: 7.52, Matching Acc: 47.00
19:54:12, 566 root INFO Step: 40, Classifcation Loss: 9.76, Classification Acc: 45.00
19:54:12, 567 root INFO Step: 40, Matching Loss: 0.68, Matching Acc: 48.00
19:54:13, 107 root INFO Step: 41, Classifcation Loss: 5.32, Classification Acc: 47.00
19:54:13, 107 root INFO Step: 41, Matching Loss: 3.39, Matching Acc: 47.00
19:54:13, 572 root INFO Step: 42, Classifcation Loss: 10.45, Classification Acc: 44.00
19:54:13, 572 root INFO Step: 42, Matching Loss: 0.77, Matching Acc: 48.00
19:54:14, 31 root INFO Step: 43, Classifcation Loss: 3.83, Classification Acc: 47.00
19:54:14, 31 root INFO Step: 43, Matching Loss: 2.44, Matching Acc: 48.00
19:54:14, 521 root INFO Step: 44, Classifcation Loss: 4.58, Classification Acc: 47.00
19:54:14, 521 root INFO Step: 44, Matching Loss: 1.57, Matching Acc: 47.00
19:54:14, 982 root INFO Step: 45, Classifcation Loss: 11.14, Classification Acc: 45.00
19:54:14, 983 root INFO Step: 45, Matching Loss: 0.23, Matching Acc: 48.00
19:54:15, 476 root INFO Step: 46, Classifcation Loss: 6.55, Classification Acc: 46.00
19:54:15, 476 root INFO Step: 46, Matching Loss: 0.70, Matching Acc: 48.00
19:54:15, 963 root INFO Step: 47, Classifcation Loss: 10.70, Classification Acc: 45.00
19:54:15, 963 root INFO Step: 47, Matching Loss: 11.16, Matching Acc: 46.00
19:54:16, 454 root INFO Step: 48, Classifcation Loss: 5.63, Classification Acc: 47.00
19:54:16, 454 root INFO Step: 48, Matching Loss: 0.50, Matching Acc: 48.00
19:54:16, 972 root INFO Step: 49, Classifcation Loss: 10.27, Classification Acc: 44.00
19:54:16, 972 root INFO Step: 49, Matching Loss: 1.52, Matching Acc: 47.00
19:54:17, 411 root INFO Step: 50, Classifcation Loss: 12.72, Classification Acc: 44.00
19:54:17, 411 root INFO Step: 50, Matching Loss: 1.08, Matching Acc: 47.00
